2025-02-17 01:55:55,109 - INFO - Processing 32 courts
2025-02-17 01:55:55,111 - INFO - 
Processing court 1/32: Supreme Court of India
2025-02-17 01:55:55,111 - INFO - Processing Supreme Court of India for year 2020...
2025-02-17 01:55:55,112 - INFO - Accessing year page: https://indiankanoon.org/browse/supremecourt/2020/
2025-02-17 01:55:55,112 - INFO - Chrome options configured
2025-02-17 01:55:55,112 - INFO - Starting Chrome driver...
2025-02-17 01:55:55,141 - ERROR - Failed to create Chrome driver: Message: Unable to obtain driver for chrome; For documentation on this error, please visit: https://www.selenium.dev/documentation/webdriver/troubleshooting/errors/driver_location

2025-02-17 01:55:55,274 - ERROR - Error processing year 2020: Message: Unable to obtain driver for chrome; For documentation on this error, please visit: https://www.selenium.dev/documentation/webdriver/troubleshooting/errors/driver_location

2025-02-17 01:55:55,275 - ERROR - Error in scrape_all: Message: Unable to obtain driver for chrome; For documentation on this error, please visit: https://www.selenium.dev/documentation/webdriver/troubleshooting/errors/driver_location

2025-02-17 01:55:55,275 - INFO - Scraping completed
2025-02-17 01:57:29,893 - INFO - Processing 32 courts
2025-02-17 01:57:29,893 - INFO - 
Processing court 1/32: Supreme Court of India
2025-02-17 01:57:29,893 - INFO - Processing Supreme Court of India for year 2020...
2025-02-17 01:57:29,893 - INFO - Accessing year page: https://indiankanoon.org/browse/supremecourt/2020/
2025-02-17 01:57:29,893 - INFO - Chrome options configured
2025-02-17 01:57:29,893 - INFO - Starting Chrome driver...
2025-02-17 01:57:29,910 - ERROR - Failed to create Chrome driver: Message: Unable to obtain driver for chrome; For documentation on this error, please visit: https://www.selenium.dev/documentation/webdriver/troubleshooting/errors/driver_location

2025-02-17 01:57:29,921 - ERROR - Error processing year 2020: Message: Unable to obtain driver for chrome; For documentation on this error, please visit: https://www.selenium.dev/documentation/webdriver/troubleshooting/errors/driver_location

2025-02-17 01:57:29,921 - ERROR - Error in scrape_all: Message: Unable to obtain driver for chrome; For documentation on this error, please visit: https://www.selenium.dev/documentation/webdriver/troubleshooting/errors/driver_location

2025-02-17 01:57:29,922 - INFO - Scraping completed
2025-02-17 01:57:35,490 - INFO - Processing 32 courts
2025-02-17 01:57:35,491 - INFO - 
Processing court 1/32: Supreme Court of India
2025-02-17 01:57:35,491 - INFO - Processing Supreme Court of India for year 2020...
2025-02-17 01:57:35,491 - INFO - Accessing year page: https://indiankanoon.org/browse/supremecourt/2020/
2025-02-17 01:57:35,491 - INFO - Chrome options configured
2025-02-17 01:57:35,491 - INFO - Starting Chrome driver...
2025-02-17 01:57:35,509 - ERROR - Failed to create Chrome driver: Message: Unable to obtain driver for chrome; For documentation on this error, please visit: https://www.selenium.dev/documentation/webdriver/troubleshooting/errors/driver_location

2025-02-17 01:57:35,520 - ERROR - Error processing year 2020: Message: Unable to obtain driver for chrome; For documentation on this error, please visit: https://www.selenium.dev/documentation/webdriver/troubleshooting/errors/driver_location

2025-02-17 01:57:35,520 - ERROR - Error in scrape_all: Message: Unable to obtain driver for chrome; For documentation on this error, please visit: https://www.selenium.dev/documentation/webdriver/troubleshooting/errors/driver_location

2025-02-17 01:57:35,520 - INFO - Scraping completed
2025-02-17 08:34:56,216 - INFO - Processing 32 courts
2025-02-17 08:34:56,218 - INFO - 
Processing court 1/32: Supreme Court of India
2025-02-17 08:34:56,218 - INFO - Processing Supreme Court of India for year 2020...
2025-02-17 08:34:56,218 - INFO - Accessing year page: https://indiankanoon.org/browse/supremecourt/2020/
2025-02-17 08:34:56,218 - INFO - Chrome options configured
2025-02-17 08:34:56,218 - INFO - Starting Chrome driver...
2025-02-17 08:35:02,149 - ERROR - Failed to create Chrome driver: Message: Service /opt/homebrew/bin/chromedriver unexpectedly exited. Status code was: -9

2025-02-17 08:35:02,319 - ERROR - Error processing year 2020: Message: Service /opt/homebrew/bin/chromedriver unexpectedly exited. Status code was: -9

2025-02-17 08:35:02,319 - ERROR - Error in scrape_all: Message: Service /opt/homebrew/bin/chromedriver unexpectedly exited. Status code was: -9

2025-02-17 08:35:02,319 - INFO - Scraping completed
2025-02-17 09:56:24,048 - INFO - Processing 32 courts
2025-02-17 09:56:24,049 - INFO - 
Processing court 1/32: Supreme Court of India
2025-02-17 09:56:24,049 - INFO - Processing Supreme Court of India for year 2020...
2025-02-17 09:56:24,049 - INFO - Accessing year page: https://indiankanoon.org/browse/supremecourt/2020/
2025-02-17 09:56:24,049 - INFO - Chrome options configured
2025-02-17 09:56:24,049 - INFO - Starting Chrome driver...
2025-02-17 09:56:30,564 - INFO - Chrome driver started successfully
2025-02-17 09:56:30,916 - INFO - Checking for Cloudflare verification...
2025-02-17 09:56:31,172 - INFO - Cloudflare verification completed
2025-02-17 09:56:31,217 - WARNING - No month links found for Supreme Court of India in 2020
2025-02-17 09:56:31,397 - WARNING - Retrying (Retry(total=2, connect=None, read=None, redirect=None, status=None)) after connection broken by 'NewConnectionError('<urllib3.connection.HTTPConnection object at 0x11a3617f0>: Failed to establish a new connection: [Errno 61] Connection refused')': /session/a117cf86ab8db07d12aa19ce2f90cb7b
2025-02-17 09:56:31,400 - WARNING - Retrying (Retry(total=1, connect=None, read=None, redirect=None, status=None)) after connection broken by 'NewConnectionError('<urllib3.connection.HTTPConnection object at 0x11a36c690>: Failed to establish a new connection: [Errno 61] Connection refused')': /session/a117cf86ab8db07d12aa19ce2f90cb7b
2025-02-17 09:56:31,401 - WARNING - Retrying (Retry(total=0, connect=None, read=None, redirect=None, status=None)) after connection broken by 'NewConnectionError('<urllib3.connection.HTTPConnection object at 0x11a36c7d0>: Failed to establish a new connection: [Errno 61] Connection refused')': /session/a117cf86ab8db07d12aa19ce2f90cb7b
2025-02-17 09:56:31,425 - INFO - Processing Supreme Court of India for year 2021...
2025-02-17 09:56:31,425 - INFO - Accessing year page: https://indiankanoon.org/browse/supremecourt/2021/
2025-02-17 09:56:31,425 - INFO - Chrome options configured
2025-02-17 09:56:31,425 - INFO - Starting Chrome driver...
2025-02-17 09:56:32,160 - INFO - Chrome driver started successfully
2025-02-17 09:56:32,751 - INFO - Checking for Cloudflare verification...
2025-02-17 09:56:32,754 - INFO - Detected Cloudflare verification page, waiting...
2025-02-17 09:56:34,772 - INFO - Cloudflare verification completed
2025-02-17 09:56:34,805 - WARNING - No month links found for Supreme Court of India in 2021
2025-02-17 09:56:34,829 - WARNING - Retrying (Retry(total=2, connect=None, read=None, redirect=None, status=None)) after connection broken by 'NewConnectionError('<urllib3.connection.HTTPConnection object at 0x11a30a3f0>: Failed to establish a new connection: [Errno 61] Connection refused')': /session/5a3a97a2cfd9e558ac8c73093fad0c02
2025-02-17 09:56:34,831 - WARNING - Retrying (Retry(total=1, connect=None, read=None, redirect=None, status=None)) after connection broken by 'NewConnectionError('<urllib3.connection.HTTPConnection object at 0x11a346b10>: Failed to establish a new connection: [Errno 61] Connection refused')': /session/5a3a97a2cfd9e558ac8c73093fad0c02
2025-02-17 09:56:34,837 - WARNING - Retrying (Retry(total=0, connect=None, read=None, redirect=None, status=None)) after connection broken by 'NewConnectionError('<urllib3.connection.HTTPConnection object at 0x11a2cdf20>: Failed to establish a new connection: [Errno 61] Connection refused')': /session/5a3a97a2cfd9e558ac8c73093fad0c02
2025-02-17 09:56:34,840 - INFO - Processing Supreme Court of India for year 2022...
2025-02-17 09:56:34,840 - INFO - Accessing year page: https://indiankanoon.org/browse/supremecourt/2022/
2025-02-17 09:56:34,840 - INFO - Chrome options configured
2025-02-17 09:56:34,841 - INFO - Starting Chrome driver...
2025-02-17 09:56:35,255 - INFO - Chrome driver started successfully
2025-02-17 09:56:35,667 - INFO - Checking for Cloudflare verification...
2025-02-17 09:56:35,936 - INFO - Cloudflare verification completed
2025-02-17 09:56:35,956 - WARNING - No month links found for Supreme Court of India in 2022
2025-02-17 09:56:35,974 - WARNING - Retrying (Retry(total=2, connect=None, read=None, redirect=None, status=None)) after connection broken by 'NewConnectionError('<urllib3.connection.HTTPConnection object at 0x11a30d950>: Failed to establish a new connection: [Errno 61] Connection refused')': /session/72cba5a388bde786987beb328706a1e1
2025-02-17 09:56:35,974 - WARNING - Retrying (Retry(total=1, connect=None, read=None, redirect=None, status=None)) after connection broken by 'NewConnectionError('<urllib3.connection.HTTPConnection object at 0x11a30d650>: Failed to establish a new connection: [Errno 61] Connection refused')': /session/72cba5a388bde786987beb328706a1e1
2025-02-17 09:56:35,975 - WARNING - Retrying (Retry(total=0, connect=None, read=None, redirect=None, status=None)) after connection broken by 'NewConnectionError('<urllib3.connection.HTTPConnection object at 0x11a414140>: Failed to establish a new connection: [Errno 61] Connection refused')': /session/72cba5a388bde786987beb328706a1e1
2025-02-17 09:56:35,975 - INFO - Processing Supreme Court of India for year 2023...
2025-02-17 09:56:35,975 - INFO - Accessing year page: https://indiankanoon.org/browse/supremecourt/2023/
2025-02-17 09:56:35,975 - INFO - Chrome options configured
2025-02-17 09:56:35,976 - INFO - Starting Chrome driver...
2025-02-17 09:56:36,371 - INFO - Chrome driver started successfully
2025-02-17 09:56:36,807 - INFO - Checking for Cloudflare verification...
2025-02-17 09:56:37,026 - INFO - Cloudflare verification completed
2025-02-17 09:56:37,043 - WARNING - No month links found for Supreme Court of India in 2023
2025-02-17 09:56:37,058 - WARNING - Retrying (Retry(total=2, connect=None, read=None, redirect=None, status=None)) after connection broken by 'NewConnectionError('<urllib3.connection.HTTPConnection object at 0x11a414b90>: Failed to establish a new connection: [Errno 61] Connection refused')': /session/4d8a776e6cae4f933a1ad602036e7014
2025-02-17 09:56:37,059 - WARNING - Retrying (Retry(total=1, connect=None, read=None, redirect=None, status=None)) after connection broken by 'NewConnectionError('<urllib3.connection.HTTPConnection object at 0x11a414c80>: Failed to establish a new connection: [Errno 61] Connection refused')': /session/4d8a776e6cae4f933a1ad602036e7014
2025-02-17 09:56:37,059 - WARNING - Retrying (Retry(total=0, connect=None, read=None, redirect=None, status=None)) after connection broken by 'NewConnectionError('<urllib3.connection.HTTPConnection object at 0x11a414d70>: Failed to establish a new connection: [Errno 61] Connection refused')': /session/4d8a776e6cae4f933a1ad602036e7014
2025-02-17 09:56:37,060 - INFO - Processing Supreme Court of India for year 2024...
2025-02-17 09:56:37,060 - INFO - Accessing year page: https://indiankanoon.org/browse/supremecourt/2024/
2025-02-17 09:56:37,060 - INFO - Chrome options configured
2025-02-17 09:56:37,060 - INFO - Starting Chrome driver...
2025-02-17 09:56:37,400 - INFO - Chrome driver started successfully
2025-02-17 09:56:38,054 - INFO - Checking for Cloudflare verification...
2025-02-17 09:56:38,056 - INFO - Detected Cloudflare verification page, waiting...
2025-02-17 09:56:40,076 - INFO - Cloudflare verification completed
2025-02-17 09:56:40,105 - WARNING - No month links found for Supreme Court of India in 2024
2025-02-17 09:56:40,125 - WARNING - Retrying (Retry(total=2, connect=None, read=None, redirect=None, status=None)) after connection broken by 'NewConnectionError('<urllib3.connection.HTTPConnection object at 0x11a4154f0>: Failed to establish a new connection: [Errno 61] Connection refused')': /session/b1ae87ab7f2d70fdd15b2b0c77eafdf5
2025-02-17 09:56:40,126 - WARNING - Retrying (Retry(total=1, connect=None, read=None, redirect=None, status=None)) after connection broken by 'NewConnectionError('<urllib3.connection.HTTPConnection object at 0x11a4155e0>: Failed to establish a new connection: [Errno 61] Connection refused')': /session/b1ae87ab7f2d70fdd15b2b0c77eafdf5
2025-02-17 09:56:40,126 - WARNING - Retrying (Retry(total=0, connect=None, read=None, redirect=None, status=None)) after connection broken by 'NewConnectionError('<urllib3.connection.HTTPConnection object at 0x11a4156d0>: Failed to establish a new connection: [Errno 61] Connection refused')': /session/b1ae87ab7f2d70fdd15b2b0c77eafdf5
2025-02-17 09:56:40,128 - INFO - 
Processing court 2/32: Supreme Court - Daily Orders
2025-02-17 09:56:40,128 - INFO - Processing Supreme Court - Daily Orders for year 2020...
2025-02-17 09:56:40,128 - INFO - Accessing year page: https://indiankanoon.org/browse/scorders/2020/
2025-02-17 09:56:40,128 - INFO - Chrome options configured
2025-02-17 09:56:40,128 - INFO - Starting Chrome driver...
2025-02-17 09:56:40,562 - INFO - Chrome driver started successfully
2025-02-17 09:56:40,942 - INFO - Checking for Cloudflare verification...
2025-02-17 09:56:41,176 - INFO - Cloudflare verification completed
2025-02-17 09:56:41,194 - WARNING - No month links found for Supreme Court - Daily Orders in 2020
2025-02-17 09:56:41,209 - WARNING - Retrying (Retry(total=2, connect=None, read=None, redirect=None, status=None)) after connection broken by 'NewConnectionError('<urllib3.connection.HTTPConnection object at 0x11a415e50>: Failed to establish a new connection: [Errno 61] Connection refused')': /session/7fe843bfd7b346de616af21fab3b791e
2025-02-17 09:56:41,210 - WARNING - Retrying (Retry(total=1, connect=None, read=None, redirect=None, status=None)) after connection broken by 'NewConnectionError('<urllib3.connection.HTTPConnection object at 0x11a415f40>: Failed to establish a new connection: [Errno 61] Connection refused')': /session/7fe843bfd7b346de616af21fab3b791e
2025-02-17 09:56:41,210 - WARNING - Retrying (Retry(total=0, connect=None, read=None, redirect=None, status=None)) after connection broken by 'NewConnectionError('<urllib3.connection.HTTPConnection object at 0x11a416030>: Failed to establish a new connection: [Errno 61] Connection refused')': /session/7fe843bfd7b346de616af21fab3b791e
2025-02-17 09:56:41,210 - INFO - Processing Supreme Court - Daily Orders for year 2021...
2025-02-17 09:56:41,211 - INFO - Accessing year page: https://indiankanoon.org/browse/scorders/2021/
2025-02-17 09:56:41,211 - INFO - Chrome options configured
2025-02-17 09:56:41,211 - INFO - Starting Chrome driver...
2025-02-17 09:56:41,677 - INFO - Chrome driver started successfully
2025-02-17 09:56:42,067 - INFO - Checking for Cloudflare verification...
2025-02-17 09:56:42,321 - INFO - Cloudflare verification completed
2025-02-17 09:56:42,341 - WARNING - No month links found for Supreme Court - Daily Orders in 2021
2025-02-17 09:56:42,361 - WARNING - Retrying (Retry(total=2, connect=None, read=None, redirect=None, status=None)) after connection broken by 'NewConnectionError('<urllib3.connection.HTTPConnection object at 0x11a4167b0>: Failed to establish a new connection: [Errno 61] Connection refused')': /session/7ddc2a9a5a9cd7c555b5116523a0c354
2025-02-17 09:56:42,362 - WARNING - Retrying (Retry(total=1, connect=None, read=None, redirect=None, status=None)) after connection broken by 'NewConnectionError('<urllib3.connection.HTTPConnection object at 0x11a4168a0>: Failed to establish a new connection: [Errno 61] Connection refused')': /session/7ddc2a9a5a9cd7c555b5116523a0c354
2025-02-17 09:56:42,363 - WARNING - Retrying (Retry(total=0, connect=None, read=None, redirect=None, status=None)) after connection broken by 'NewConnectionError('<urllib3.connection.HTTPConnection object at 0x11a416990>: Failed to establish a new connection: [Errno 61] Connection refused')': /session/7ddc2a9a5a9cd7c555b5116523a0c354
2025-02-17 09:56:42,363 - INFO - Processing Supreme Court - Daily Orders for year 2022...
2025-02-17 09:56:42,363 - INFO - Accessing year page: https://indiankanoon.org/browse/scorders/2022/
2025-02-17 09:56:42,363 - INFO - Chrome options configured
2025-02-17 09:56:42,363 - INFO - Starting Chrome driver...
2025-02-17 09:56:42,716 - INFO - Chrome driver started successfully
2025-02-17 09:56:43,087 - INFO - Checking for Cloudflare verification...
2025-02-17 09:56:43,331 - INFO - Cloudflare verification completed
2025-02-17 09:56:43,370 - WARNING - No month links found for Supreme Court - Daily Orders in 2022
2025-02-17 09:56:43,388 - WARNING - Retrying (Retry(total=2, connect=None, read=None, redirect=None, status=None)) after connection broken by 'NewConnectionError('<urllib3.connection.HTTPConnection object at 0x11a417110>: Failed to establish a new connection: [Errno 61] Connection refused')': /session/de9cd9620dd3abdf210770ddfd255868
2025-02-17 09:56:43,388 - WARNING - Retrying (Retry(total=1, connect=None, read=None, redirect=None, status=None)) after connection broken by 'NewConnectionError('<urllib3.connection.HTTPConnection object at 0x11a417200>: Failed to establish a new connection: [Errno 61] Connection refused')': /session/de9cd9620dd3abdf210770ddfd255868
2025-02-17 09:56:43,388 - WARNING - Retrying (Retry(total=0, connect=None, read=None, redirect=None, status=None)) after connection broken by 'NewConnectionError('<urllib3.connection.HTTPConnection object at 0x11a4172f0>: Failed to establish a new connection: [Errno 61] Connection refused')': /session/de9cd9620dd3abdf210770ddfd255868
2025-02-17 09:56:43,389 - INFO - Processing Supreme Court - Daily Orders for year 2023...
2025-02-17 09:56:43,389 - INFO - Accessing year page: https://indiankanoon.org/browse/scorders/2023/
2025-02-17 09:56:43,389 - INFO - Chrome options configured
2025-02-17 09:56:43,389 - INFO - Starting Chrome driver...
2025-02-17 09:56:43,760 - INFO - Chrome driver started successfully
2025-02-17 09:56:43,761 - ERROR - Failed to create Chrome driver: ('Connection aborted.', OSError(9, 'Bad file descriptor'))
2025-02-17 09:56:43,779 - WARNING - Retrying (Retry(total=2, connect=None, read=None, redirect=None, status=None)) after connection broken by 'NewConnectionError('<urllib3.connection.HTTPConnection object at 0x11a2cb200>: Failed to establish a new connection: [Errno 61] Connection refused')': /session/c223eb4798e194d276d23f8c5918ee1b
2025-02-17 09:56:43,780 - WARNING - Retrying (Retry(total=1, connect=None, read=None, redirect=None, status=None)) after connection broken by 'NewConnectionError('<urllib3.connection.HTTPConnection object at 0x11a2cb7a0>: Failed to establish a new connection: [Errno 61] Connection refused')': /session/c223eb4798e194d276d23f8c5918ee1b
2025-02-17 09:56:43,781 - WARNING - Retrying (Retry(total=0, connect=None, read=None, redirect=None, status=None)) after connection broken by 'NewConnectionError('<urllib3.connection.HTTPConnection object at 0x11a2cbb60>: Failed to establish a new connection: [Errno 61] Connection refused')': /session/c223eb4798e194d276d23f8c5918ee1b
2025-02-17 09:56:43,781 - ERROR - Error processing year 2023: ('Connection aborted.', OSError(9, 'Bad file descriptor'))
2025-02-17 09:56:43,781 - ERROR - Error in scrape_all: ('Connection aborted.', OSError(9, 'Bad file descriptor'))
2025-02-17 09:56:43,781 - INFO - Scraping completed
2025-02-17 10:01:35,954 - INFO - Processing 5 courts
2025-02-17 10:01:35,955 - INFO - 
Processing court 1/5: Supreme Court of India
2025-02-17 10:01:35,955 - INFO - 
Processing Supreme Court of India for year 2023...
2025-02-17 10:01:35,955 - INFO - Accessing year page: https://indiankanoon.org/browse/supremecourt/2023/
2025-02-17 10:01:36,262 - INFO - Waiting 10s for Cloudflare challenge...
2025-02-17 10:02:02,944 - INFO - Browser listening on: ws://127.0.0.1:49781/devtools/browser/ec74699f-15fa-4089-b467-c25cda5634e9
2025-02-17 10:02:07,555 - WARNING - No month links found for Supreme Court of India in 2023
2025-02-17 10:02:07,555 - INFO - Retrying with fallback URL: https://indiankanoon.org/browse/supremecourt/2023
2025-02-17 10:02:07,812 - INFO - Waiting 10s for Cloudflare on fallback URL...
2025-02-17 10:02:11,289 - INFO - terminate chrome process...
2025-02-17 10:02:11,309 - INFO - connection closed
2025-02-17 10:02:27,823 - INFO - terminate chrome process...
2025-02-17 10:02:27,824 - INFO - terminate chrome process...
2025-02-17 10:02:27,824 - ERROR - Error processing year 2023 for court Supreme Court of India: Connection is closed
2025-02-17 10:02:27,824 - ERROR - Error in scrape_all: Connection is closed
2025-02-17 10:05:04,095 - INFO - Processing 5 courts
2025-02-17 10:05:04,096 - INFO - 
Processing court 1/5: Supreme Court of India
2025-02-17 10:05:04,096 - INFO - 
Processing Supreme Court of India for year 2023...
2025-02-17 10:05:04,096 - INFO - Accessing year page: https://indiankanoon.org/browse/supremecourt/2023/
2025-02-17 10:05:04,880 - INFO - Waiting 10s for Cloudflare challenge...
2025-02-17 10:05:25,478 - INFO - Browser listening on: ws://127.0.0.1:50026/devtools/browser/fea694f6-6e3c-4dc7-9066-c113142b558d
2025-02-17 10:05:29,140 - WARNING - No month links found for Supreme Court of India in 2023
2025-02-17 10:05:29,140 - INFO - Retrying with fallback URL: https://indiankanoon.org/browse/supremecourt/2023
2025-02-17 10:05:29,848 - INFO - Waiting 10s for Cloudflare on fallback URL...
2025-02-17 10:05:51,153 - WARNING - Still no month links found after retry.
2025-02-17 10:05:51,153 - INFO - terminate chrome process...
2025-02-17 10:05:51,186 - INFO - terminate chrome process...
2025-02-17 10:05:51,187 - INFO - 
Processing Supreme Court of India for year 2024...
2025-02-17 10:05:51,187 - INFO - Accessing year page: https://indiankanoon.org/browse/supremecourt/2024/
2025-02-17 10:05:51,705 - INFO - Waiting 10s for Cloudflare challenge...
2025-02-17 10:06:12,070 - INFO - Browser listening on: ws://127.0.0.1:50115/devtools/browser/d42aab76-047c-42b5-82d3-c9a45e8d64b0
2025-02-17 10:06:15,423 - WARNING - No month links found for Supreme Court of India in 2024
2025-02-17 10:06:15,423 - INFO - Retrying with fallback URL: https://indiankanoon.org/browse/supremecourt/2024
2025-02-17 10:06:15,961 - INFO - Waiting 10s for Cloudflare on fallback URL...
2025-02-17 10:06:37,377 - WARNING - Still no month links found after retry.
2025-02-17 10:06:37,377 - INFO - terminate chrome process...
2025-02-17 10:06:37,397 - INFO - terminate chrome process...
2025-02-17 10:06:37,398 - INFO - 
Processing court 2/5: Supreme Court - Daily Orders
2025-02-17 10:06:37,398 - INFO - 
Processing Supreme Court - Daily Orders for year 2023...
2025-02-17 10:06:37,398 - INFO - Accessing year page: https://indiankanoon.org/browse/scorders/2023/
2025-02-17 10:06:37,920 - INFO - Waiting 10s for Cloudflare challenge...
2025-02-17 10:06:58,505 - INFO - Browser listening on: ws://127.0.0.1:50149/devtools/browser/e01fcaff-b54e-4976-af8e-43fc839ec6c6
2025-02-17 10:07:01,521 - WARNING - No month links found for Supreme Court - Daily Orders in 2023
2025-02-17 10:07:01,521 - INFO - Retrying with fallback URL: https://indiankanoon.org/browse/scorders/2023
2025-02-17 10:07:02,031 - INFO - Waiting 10s for Cloudflare on fallback URL...
2025-02-17 10:07:23,767 - WARNING - Still no month links found after retry.
2025-02-17 10:07:23,767 - INFO - terminate chrome process...
2025-02-17 10:07:23,791 - INFO - terminate chrome process...
2025-02-17 10:07:23,791 - INFO - 
Processing Supreme Court - Daily Orders for year 2024...
2025-02-17 10:07:23,791 - INFO - Accessing year page: https://indiankanoon.org/browse/scorders/2024/
2025-02-17 10:07:24,376 - INFO - Waiting 10s for Cloudflare challenge...
2025-02-17 10:07:44,748 - INFO - Browser listening on: ws://127.0.0.1:50165/devtools/browser/f2d20039-cc84-4356-843a-8074a4e93ffc
2025-02-17 10:07:48,222 - WARNING - No month links found for Supreme Court - Daily Orders in 2024
2025-02-17 10:07:48,222 - INFO - Retrying with fallback URL: https://indiankanoon.org/browse/scorders/2024
2025-02-17 10:07:48,692 - INFO - Waiting 10s for Cloudflare on fallback URL...
2025-02-17 10:07:59,821 - INFO - terminate chrome process...
2025-02-17 10:07:59,831 - INFO - connection closed
2025-02-17 10:08:08,699 - INFO - terminate chrome process...
2025-02-17 10:08:08,700 - INFO - terminate chrome process...
2025-02-17 10:08:08,700 - ERROR - Error processing year 2024 for court Supreme Court - Daily Orders: Connection is closed
2025-02-17 10:08:08,701 - ERROR - Error in scrape_all: Connection is closed
2025-02-17 10:55:53,873 - INFO - Processing 5 courts
2025-02-17 10:55:53,874 - INFO - 
Processing court 1/5: Supreme Court of India
2025-02-17 10:55:53,874 - INFO - 
Processing Supreme Court of India for year 2024...
2025-02-17 10:55:53,874 - INFO - Accessing year page: https://indiankanoon.org/browse/supremecourt/2024/
2025-02-17 10:55:54,156 - INFO - Waiting 10s for Cloudflare challenge...
2025-02-17 10:56:15,504 - INFO - Browser listening on: ws://127.0.0.1:51277/devtools/browser/af7cce88-4393-4838-86aa-7e9f0e85cb03
2025-02-17 10:56:16,839 - WARNING - No month links found for Supreme Court of India in 2024
2025-02-17 10:56:16,839 - INFO - Retrying with fallback URL: https://indiankanoon.org/browse/supremecourt/2024
2025-02-17 10:56:17,017 - INFO - Waiting 10s for Cloudflare on fallback URL...
2025-02-17 10:56:37,901 - WARNING - Still no month links found after retry.
2025-02-17 10:56:37,901 - INFO - terminate chrome process...
2025-02-17 10:56:37,939 - INFO - terminate chrome process...
2025-02-17 10:56:37,940 - INFO - 
Processing court 2/5: Supreme Court - Daily Orders
2025-02-17 10:56:37,941 - INFO - 
Processing Supreme Court - Daily Orders for year 2024...
2025-02-17 10:56:37,941 - INFO - Accessing year page: https://indiankanoon.org/browse/scorders/2024/
2025-02-17 10:56:38,153 - INFO - Waiting 10s for Cloudflare challenge...
2025-02-17 10:56:58,682 - INFO - Browser listening on: ws://127.0.0.1:51301/devtools/browser/02ca6cf9-bca5-44c2-988a-566bb1326fdd
2025-02-17 10:56:58,686 - INFO - terminate chrome process...
2025-02-17 10:56:58,760 - INFO - terminate chrome process...
2025-02-17 10:56:58,760 - ERROR - Error processing year 2024 for court Supreme Court - Daily Orders: This event loop is already running
2025-02-17 10:56:58,760 - ERROR - Error in scrape_all: This event loop is already running
2025-02-17 10:56:58,766 - INFO - terminate chrome process...
2025-02-17 10:57:07,213 - INFO - 
Processing court: Supreme Court of India
2025-02-17 10:57:07,214 - INFO - 
Processing Supreme Court of India for year 2020...
2025-02-17 10:57:08,312 - INFO - Opening browser with automatic reconnect to bypass Cloudflare...
2025-02-17 10:57:17,016 - INFO - Trying to solve Cloudflare CAPTCHA...
2025-02-17 10:57:47,821 - ERROR - Failed to create Chrome driver: Cloudflare detected the bot!
2025-02-17 11:03:12,059 - INFO - 
Processing court: Supreme Court of India
2025-02-17 11:03:12,060 - INFO - 
Processing Supreme Court of India for year 2020...
2025-02-17 11:03:14,289 - INFO - Opening browser with automatic reconnect to bypass Cloudflare...
2025-02-17 11:03:54,063 - INFO - Trying to solve Cloudflare CAPTCHA...
2025-02-17 11:03:59,663 - ERROR - Failed to create Chrome driver: Cloudflare detected the bot!
2025-02-17 11:05:38,167 - INFO - 
Processing court: Supreme Court of India
2025-02-17 11:05:38,167 - INFO - 
Processing Supreme Court of India for year 2020...
2025-02-17 11:05:39,236 - INFO - Opening browser with automatic reconnect to bypass Cloudflare...
2025-02-17 11:05:47,677 - INFO - Trying to solve Cloudflare CAPTCHA...
2025-02-17 11:05:53,088 - ERROR - Failed to create Chrome driver: Cloudflare detected the bot!
2025-02-17 11:07:57,247 - INFO - 
Processing court: Supreme Court of India
2025-02-17 11:07:57,247 - INFO - 
Processing Supreme Court of India for year 2020...
2025-02-17 11:07:58,352 - INFO - Opening browser with automatic reconnect to bypass Cloudflare...
2025-02-17 11:08:06,719 - INFO - Trying to solve Cloudflare CAPTCHA...
2025-02-17 11:08:13,230 - ERROR - Failed to create Chrome driver: Cloudflare detected the bot!
2025-02-17 11:11:36,452 - INFO - 
Processing court: Supreme Court of India
2025-02-17 11:11:36,453 - INFO - 
Processing Supreme Court of India for year 2020...
2025-02-17 11:11:37,542 - INFO - Opening browser with automatic reconnect to bypass Cloudflare...
2025-02-17 11:11:37,543 - INFO - Opening https://indiankanoon.org/browse/supremecourt/2020/ with automatic reconnect to bypass Cloudflare...
2025-02-17 11:11:41,231 - INFO - Successfully bypassed Cloudflare! Proceeding...
2025-02-17 11:11:41,409 - INFO - Processing January...
2025-02-17 11:11:41,409 - INFO - Processing page for January...
2025-02-17 11:11:45,226 - INFO - Found 10 judgment links
2025-02-17 11:11:47,635 - INFO - Processing page for January...
2025-02-17 11:11:51,536 - INFO - Found 10 judgment links
2025-02-17 11:11:53,923 - INFO - Processing page for January...
2025-02-17 11:11:57,828 - INFO - Found 10 judgment links
2025-02-17 11:12:00,222 - INFO - Processing page for January...
2025-02-17 11:12:04,071 - INFO - Found 10 judgment links
2025-02-17 11:12:06,474 - INFO - Processing page for January...
2025-02-17 11:12:10,376 - INFO - Found 10 judgment links
2025-02-17 11:12:12,769 - INFO - Processing page for January...
2025-02-17 11:12:16,652 - INFO - Found 10 judgment links
2025-02-17 11:12:19,041 - INFO - Processing page for January...
2025-02-17 11:12:23,027 - INFO - Found 10 judgment links
2025-02-17 11:12:25,427 - INFO - Processing page for January...
2025-02-17 11:12:29,288 - INFO - Found 10 judgment links
2025-02-17 11:12:31,674 - INFO - Processing page for January...
2025-02-17 11:12:35,909 - INFO - Found 10 judgment links
2025-02-17 11:12:38,312 - INFO - Processing page for January...
2025-02-17 11:12:42,144 - INFO - Found 10 judgment links
2025-02-17 11:12:42,150 - INFO - Saved 100 links to all_judgment_links.csv
2025-02-17 11:12:44,525 - INFO - Processing page for January...
2025-02-17 11:12:49,452 - INFO - Found 10 judgment links
2025-02-17 11:12:51,831 - INFO - Processing page for January...
2025-02-17 11:12:55,483 - INFO - Found 3 judgment links
2025-02-17 11:12:55,795 - INFO - Saved 13 links to all_judgment_links.csv
2025-02-17 11:12:55,798 - INFO - Processing February...
2025-02-17 11:12:55,798 - INFO - Processing page for February...
2025-02-17 11:12:59,662 - INFO - Found 10 judgment links
2025-02-17 11:13:02,068 - INFO - Processing page for February...
2025-02-17 11:13:05,908 - INFO - Found 10 judgment links
2025-02-17 11:13:08,300 - INFO - Processing page for February...
2025-02-17 11:13:12,169 - INFO - Found 10 judgment links
2025-02-17 11:13:14,568 - INFO - Processing page for February...
2025-02-17 11:13:18,548 - INFO - Found 10 judgment links
2025-02-17 11:13:20,935 - INFO - Processing page for February...
2025-02-17 11:13:24,814 - INFO - Found 10 judgment links
2025-02-17 11:13:27,199 - INFO - Processing page for February...
2025-02-17 11:13:31,090 - INFO - Found 10 judgment links
2025-02-17 11:13:33,495 - INFO - Processing page for February...
2025-02-17 11:13:38,464 - INFO - Found 10 judgment links
2025-02-17 11:13:40,862 - INFO - Processing page for February...
2025-02-17 11:13:45,674 - INFO - Found 10 judgment links
2025-02-17 11:13:48,059 - INFO - Processing page for February...
2025-02-17 11:13:51,900 - INFO - Found 10 judgment links
2025-02-17 11:13:54,279 - INFO - Processing page for February...
2025-02-17 11:13:58,165 - INFO - Found 10 judgment links
2025-02-17 11:13:58,167 - INFO - Saved 100 links to all_judgment_links.csv
2025-02-17 11:14:00,546 - INFO - Processing page for February...
2025-02-17 11:14:04,297 - INFO - Found 6 judgment links
2025-02-17 11:14:04,671 - INFO - Saved 6 links to all_judgment_links.csv
2025-02-17 11:14:04,672 - INFO - Processing March...
2025-02-17 11:14:04,672 - INFO - Processing page for March...
2025-02-17 11:14:08,607 - INFO - Found 10 judgment links
2025-02-17 11:14:11,010 - INFO - Processing page for March...
2025-02-17 11:14:14,896 - INFO - Found 10 judgment links
2025-02-17 11:14:17,294 - INFO - Processing page for March...
2025-02-17 11:14:21,176 - INFO - Found 10 judgment links
2025-02-17 11:14:23,576 - INFO - Processing page for March...
2025-02-17 11:14:27,538 - INFO - Found 10 judgment links
2025-02-17 11:14:29,917 - INFO - Processing page for March...
2025-02-17 11:14:33,813 - INFO - Found 10 judgment links
2025-02-17 11:14:36,213 - INFO - Processing page for March...
2025-02-17 11:14:41,070 - INFO - Found 10 judgment links
2025-02-17 11:14:43,457 - INFO - Processing page for March...
2025-02-17 11:14:48,399 - INFO - Found 10 judgment links
2025-02-17 11:14:51,243 - INFO - Processing page for March...
2025-02-17 11:14:56,040 - INFO - Found 10 judgment links
2025-02-17 11:14:58,432 - INFO - Processing page for March...
2025-02-17 11:15:02,241 - INFO - Found 8 judgment links
2025-02-17 11:15:02,656 - INFO - Saved 88 links to all_judgment_links.csv
2025-02-17 11:15:02,658 - INFO - Processing April...
2025-02-17 11:15:02,658 - INFO - Processing page for April...
2025-02-17 11:15:06,510 - INFO - Found 10 judgment links
2025-02-17 11:15:08,891 - INFO - Processing page for April...
2025-02-17 11:15:12,703 - INFO - Found 10 judgment links
2025-02-17 11:15:15,084 - INFO - Processing page for April...
2025-02-17 11:15:18,992 - INFO - Found 10 judgment links
2025-02-17 11:15:21,374 - INFO - Processing page for April...
2025-02-17 11:15:25,229 - INFO - Found 10 judgment links
2025-02-17 11:15:27,606 - INFO - Processing page for April...
2025-02-17 11:15:31,468 - INFO - Found 10 judgment links
2025-02-17 11:15:33,848 - INFO - Processing page for April...
2025-02-17 11:15:37,550 - INFO - Found 6 judgment links
2025-02-17 11:15:37,909 - INFO - Saved 56 links to all_judgment_links.csv
2025-02-17 11:15:37,910 - INFO - Processing May...
2025-02-17 11:15:37,911 - INFO - Processing page for May...
2025-02-17 11:15:41,716 - INFO - Found 10 judgment links
2025-02-17 11:15:44,081 - INFO - Processing page for May...
2025-02-17 11:15:47,956 - INFO - Found 10 judgment links
2025-02-17 11:15:50,327 - INFO - Processing page for May...
2025-02-17 11:15:54,086 - INFO - Found 7 judgment links
2025-02-17 11:15:54,459 - INFO - Saved 27 links to all_judgment_links.csv
2025-02-17 11:15:54,461 - INFO - Processing June...
2025-02-17 11:15:54,461 - INFO - Processing page for June...
2025-02-17 11:15:58,304 - INFO - Found 10 judgment links
2025-02-17 11:16:00,669 - INFO - Processing page for June...
2025-02-17 11:16:04,516 - INFO - Found 10 judgment links
2025-02-17 11:16:06,898 - INFO - Processing page for June...
2025-02-17 11:16:10,855 - INFO - Found 10 judgment links
2025-02-17 11:16:13,259 - INFO - Processing page for June...
2025-02-17 11:16:17,984 - INFO - Found 5 judgment links
2025-02-17 11:16:18,395 - INFO - Saved 35 links to all_judgment_links.csv
2025-02-17 11:16:18,397 - INFO - Processing July...
2025-02-17 11:16:18,397 - INFO - Processing page for July...
2025-02-17 11:16:22,350 - INFO - Found 10 judgment links
2025-02-17 11:16:24,801 - INFO - Processing page for July...
2025-02-17 11:16:28,617 - INFO - Found 10 judgment links
2025-02-17 11:16:31,015 - INFO - Processing page for July...
2025-02-17 11:16:34,686 - INFO - Found 5 judgment links
2025-02-17 11:16:35,034 - INFO - Saved 25 links to all_judgment_links.csv
2025-02-17 11:16:35,035 - INFO - Processing August...
2025-02-17 11:16:35,035 - INFO - Processing page for August...
2025-02-17 11:16:38,944 - INFO - Found 10 judgment links
2025-02-17 11:16:41,351 - INFO - Processing page for August...
2025-02-17 11:16:47,316 - INFO - Found 10 judgment links
2025-02-17 11:16:51,951 - INFO - Processing page for August...
2025-02-17 11:17:02,382 - INFO - Found 10 judgment links
2025-02-17 11:17:08,135 - INFO - Processing page for August...
2025-02-17 11:17:16,972 - INFO - Found 10 judgment links
2025-02-17 11:17:20,497 - INFO - Processing page for August...
2025-02-17 11:17:26,725 - INFO - Found 9 judgment links
2025-02-17 11:17:28,802 - INFO - Saved 49 links to all_judgment_links.csv
2025-02-17 11:17:28,808 - INFO - Processing September...
2025-02-17 11:17:28,808 - INFO - Processing page for September...
